Kernel 'Naive' statistics:
  avg runtime: 86.881ms
  errors: Linf: 2.262084e-03, L2 1.816818e-06

Kernel 'Shared memory' statistics:
  avg runtime: 88.808ms
  errors: Linf: 2.262084e-03, L2 1.816818e-06

 
Batch Job Summary Report for Job "nbody_gpu" (7262002) on daint
-----------------------------------------------------------------------------------------------------
             Submit            Eligible               Start                 End    Elapsed  Timelimit 
------------------- ------------------- ------------------- ------------------- ---------- ---------- 
2018-05-02T15:30:01 2018-05-02T15:30:01 2018-05-02T15:30:58 2018-05-02T15:31:16   00:00:18   00:10:00 
-----------------------------------------------------------------------------------------------------
Username    Account     Partition   NNodes   Energy
----------  ----------  ----------  ------  --------------
peterem     g34         normal           1    1.04K joules
----------------------------------------------------------
gpusecs  maxgpusecs        maxmem            summem
-------  ----------  ------------  ----------------
      2           2     307232768         608174080
----------------------------------------------------------
Scratch File System        Files       Quota
--------------------  ----------  ----------
/scratch/snx3000               2     1000000
 
